Crashlog created at 2020-04-07 11:31:38 +0100

===== MESSAGE:

SyntaxError: layout /default.html.erb:12: syntax error, unexpected local variable or method, expecting `do' or '{' or '('
...t.<<(( @item[:title] | Get into teaching ).to_s); _erbout.<<...
...                           ^~~~

===== ITEM BEING COMPILED:

Current item: /about/index.md (:default representation)

===== STACK TRACE:

  0. /Users/matt/.rbenv/versions/2.7.0/lib/ruby/2.7.0/erb.rb:905:in `eval'
  1. /Users/matt/.rbenv/versions/2.7.0/lib/ruby/2.7.0/erb.rb:905:in `result'
  2. /Users/matt/.rbenv/versions/2.7.0/lib/ruby/gems/2.7.0/gems/nanoc-4.11.15/lib/nanoc/filters/erb.rb:32:in `run'
  3. /Users/matt/.rbenv/versions/2.7.0/lib/ruby/gems/2.7.0/gems/nanoc-core-4.11.15/lib/nanoc/core/filter.rb:188:in `setup_and_run'
  4. /Users/matt/.rbenv/versions/2.7.0/lib/ruby/gems/2.7.0/gems/nanoc-core-4.11.15/lib/nanoc/core/executor.rb:67:in `layout'
  5. /Users/matt/.rbenv/versions/2.7.0/lib/ruby/gems/2.7.0/gems/nanoc-core-4.11.15/lib/nanoc/core/compilation_phases/recalculate.rb:34:in `block in run'
  6. /Users/matt/.rbenv/versions/2.7.0/lib/ruby/gems/2.7.0/gems/nanoc-core-4.11.15/lib/nanoc/core/action_sequence.rb:49:in `block in each'
  7. /Users/matt/.rbenv/versions/2.7.0/lib/ruby/gems/2.7.0/gems/nanoc-core-4.11.15/lib/nanoc/core/action_sequence.rb:49:in `each'
  8. /Users/matt/.rbenv/versions/2.7.0/lib/ruby/gems/2.7.0/gems/nanoc-core-4.11.15/lib/nanoc/core/action_sequence.rb:49:in `each'
  9. /Users/matt/.rbenv/versions/2.7.0/lib/ruby/gems/2.7.0/gems/contracts-0.13.0/lib/contracts/method_reference.rb:43:in `send_to'
  10. /Users/matt/.rbenv/versions/2.7.0/lib/ruby/gems/2.7.0/gems/contracts-0.13.0/lib/contracts/call_with.rb:76:in `call_with'
  11. /Users/matt/.rbenv/versions/2.7.0/lib/ruby/gems/2.7.0/gems/contracts-0.13.0/lib/contracts/method_handler.rb:138:in `block in redefine_method'
  12. /Users/matt/.rbenv/versions/2.7.0/lib/ruby/gems/2.7.0/gems/nanoc-core-4.11.15/lib/nanoc/core/compilation_phases/recalculate.rb:29:in `run'
  13. /Users/matt/.rbenv/versions/2.7.0/lib/ruby/gems/2.7.0/gems/contracts-0.13.0/lib/contracts/method_reference.rb:43:in `send_to'
  14. /Users/matt/.rbenv/versions/2.7.0/lib/ruby/gems/2.7.0/gems/contracts-0.13.0/lib/contracts/call_with.rb:76:in `call_with'
  15. /Users/matt/.rbenv/versions/2.7.0/lib/ruby/gems/2.7.0/gems/contracts-0.13.0/lib/contracts/method_handler.rb:138:in `block in redefine_method'
  16. /Users/matt/.rbenv/versions/2.7.0/lib/ruby/gems/2.7.0/gems/nanoc-core-4.11.15/lib/nanoc/core/compilation_phases/abstract.rb:23:in `call'
  17. /Users/matt/.rbenv/versions/2.7.0/lib/ruby/gems/2.7.0/gems/nanoc-core-4.11.15/lib/nanoc/core/compilation_phases/abstract.rb:25:in `block in call'
  18. /Users/matt/.rbenv/versions/2.7.0/lib/ruby/gems/2.7.0/gems/nanoc-core-4.11.15/lib/nanoc/core/compilation_phases/cache.rb:25:in `run'
  19. /Users/matt/.rbenv/versions/2.7.0/lib/ruby/gems/2.7.0/gems/contracts-0.13.0/lib/contracts/method_reference.rb:43:in `send_to'
  20. /Users/matt/.rbenv/versions/2.7.0/lib/ruby/gems/2.7.0/gems/contracts-0.13.0/lib/contracts/call_with.rb:76:in `call_with'
  21. /Users/matt/.rbenv/versions/2.7.0/lib/ruby/gems/2.7.0/gems/contracts-0.13.0/lib/contracts/method_handler.rb:138:in `block in redefine_method'
  22. /Users/matt/.rbenv/versions/2.7.0/lib/ruby/gems/2.7.0/gems/nanoc-core-4.11.15/lib/nanoc/core/compilation_phases/abstract.rb:23:in `call'
  23. /Users/matt/.rbenv/versions/2.7.0/lib/ruby/gems/2.7.0/gems/nanoc-core-4.11.15/lib/nanoc/core/compilation_phases/abstract.rb:25:in `block in call'
  24. /Users/matt/.rbenv/versions/2.7.0/lib/ruby/gems/2.7.0/gems/nanoc-core-4.11.15/lib/nanoc/core/compilation_phases/resume.rb:14:in `block in run'

===== VERSION INFORMATION:

Nanoc 4.11.15 © 2007–2019 Denis Defreyne.
Running ruby 2.7.0 (2019-12-25) on x86_64-darwin19 with RubyGems 3.1.2.

===== SYSTEM INFORMATION:

Darwin Matts-MacBook-Pro.local 19.3.0 Darwin Kernel Version 19.3.0: Thu Jan  9 20:58:23 PST 2020; root:xnu-6153.81.5~1/RELEASE_X86_64 x86_64

===== INSTALLED GEMS:

  activesupport 5.0.7.2
  addressable 2.7.0
  adsf 1.4.3
  autoprefixer-rails 9.7.5
  backports 3.17.0
  benchmark 0.1.0
  bigdecimal 2.0.0
  builder 3.2.4
  bundler 2.1.2
  cgi 0.1.0
  coffee-script 2.4.1
  coffee-script-source 1.12.2
  colored 1.2
  concurrent-ruby 1.1.6
  contracts 0.13.0
  cri 2.15.10
  csv 3.1.2
  date 3.0.0
  dbm 1.1.0
  ddmemoize 1.0.0
  ddmetrics 1.0.1
  ddplugin 1.0.2
  delegate 0.1.0
  did_you_mean 1.4.0
  diff-lcs 1.3
  dotenv 2.7.5
  em-websocket 0.5.1
  equatable 0.6.1
  erubis 2.7.0
  etc 1.1.0
  eventmachine 1.2.7
  execjs 2.7.0
  fast_blank 1.0.0
  fastimage 2.1.7
  fcntl 1.0.0
  ffi 1.12.2
  fiddle 1.0.0
  fileutils 1.4.1
  forwardable 1.3.1
  gdbm 2.1.0
  getoptlong 0.1.0
  haml 5.1.2
  hamster 3.0.0
  hashie 3.6.0
  http_parser.rb 0.6.0
  i18n 0.9.5
  io-console 0.5.3
  ipaddr 1.2.2
  irb 1.2.1
  json 2.3.0
  json_schema 0.20.8
  kramdown 1.17.0, 2.1.0
  listen 3.0.8
  logger 1.4.2
  matrix 0.2.0
  memoist 0.16.2
  middleman 4.3.6
  middleman-autoprefixer 2.10.1
  middleman-cli 4.3.6
  middleman-core 4.3.6
  middleman-livereload 3.4.6
  minitest 5.13.0, 5.14.0
  mutex_m 0.1.0
  nanoc 4.11.15
  nanoc-checking 1.0.0
  nanoc-cli 4.11.15
  nanoc-core 4.11.15
  nanoc-deploying 1.0.0
  net-pop 0.1.0
  net-smtp 0.1.0
  net-telnet 0.2.0
  observer 0.1.0
  open3 0.1.0
  openssl 2.1.2
  ostruct 0.2.0
  padrino-helpers 0.13.3.4
  padrino-support 0.13.3.4
  parallel 1.19.1
  pastel 0.7.3
  power_assert 1.1.5
  prime 0.1.1
  pstore 0.1.0
  psych 3.1.0
  public_suffix 4.0.3
  racc 1.4.16
  rack 2.2.2
  rack-livereload 0.3.17
  rake 13.0.1
  rb-fsevent 0.10.3
  rb-inotify 0.10.1
  rdoc 6.2.1
  readline 0.0.2
  readline-ext 0.1.0
  ref 2.0.0
  reline 0.1.2
  rexml 3.2.3
  rss 0.2.8
  sassc 2.2.1
  sdbm 1.0.0
  servolux 0.13.0
  singleton 0.1.0
  slow_enumerator_tools 1.1.0
  stringio 0.1.0
  strscan 1.0.3
  temple 0.8.2
  test-unit 3.3.4
  thor 1.0.1
  thread_safe 0.3.6
  tilt 2.0.10
  timeout 0.1.0
  tomlrb 1.3.0
  tracer 0.1.0
  tty-color 0.5.1
  tty-command 0.9.0
  tty-platform 0.3.0
  tty-which 0.4.2
  tzinfo 1.2.7
  uglifier 3.2.0
  uri 0.10.0
  webrick 1.6.0
  xmlrpc 0.3.0
  yaml 0.1.0
  zeitwerk 2.3.0
  zlib 1.1.0

===== GEMFILE.LOCK:

GEM
  remote: https://rubygems.org/
  specs:
    addressable (2.7.0)
      public_suffix (>= 2.0.2, < 5.0)
    adsf (1.4.3)
      rack (>= 1.0.0, < 3.0.0)
    builder (3.2.4)
    colored (1.2)
    concurrent-ruby (1.1.6)
    cri (2.15.10)
    ddmemoize (1.0.0)
      ddmetrics (~> 1.0)
      ref (~> 2.0)
    ddmetrics (1.0.1)
    ddplugin (1.0.2)
    diff-lcs (1.3)
    equatable (0.6.1)
    hamster (3.0.0)
      concurrent-ruby (~> 1.0)
    json_schema (0.20.8)
    kramdown (2.1.0)
    nanoc (4.11.15)
      addressable (~> 2.5)
      colored (~> 1.2)
      nanoc-checking (~> 1.0)
      nanoc-cli (= 4.11.15)
      nanoc-core (= 4.11.15)
      nanoc-deploying (~> 1.0)
      parallel (~> 1.12)
      tty-command (~> 0.8)
      tty-which (~> 0.4)
    nanoc-checking (1.0.0)
      nanoc-cli (~> 4.11, >= 4.11.15)
      nanoc-core (~> 4.11, >= 4.11.15)
    nanoc-cli (4.11.15)
      cri (~> 2.15)
      diff-lcs (~> 1.3)
      nanoc-core (= 4.11.15)
      zeitwerk (~> 2.1)
    nanoc-core (4.11.15)
      ddmemoize (~> 1.0)
      ddmetrics (~> 1.0)
      ddplugin (~> 1.0)
      hamster (~> 3.0)
      json_schema (~> 0.19)
      slow_enumerator_tools (~> 1.0)
      tomlrb (~> 1.2)
      tty-platform (~> 0.2)
      zeitwerk (~> 2.1)
    nanoc-deploying (1.0.0)
      nanoc-checking (~> 1.0)
      nanoc-cli (~> 4.11, >= 4.11.15)
      nanoc-core (~> 4.11, >= 4.11.15)
    parallel (1.19.1)
    pastel (0.7.3)
      equatable (~> 0.6)
      tty-color (~> 0.5)
    public_suffix (4.0.3)
    rack (2.2.2)
    ref (2.0.0)
    slow_enumerator_tools (1.1.0)
    tomlrb (1.3.0)
    tty-color (0.5.1)
    tty-command (0.9.0)
      pastel (~> 0.7.0)
    tty-platform (0.3.0)
    tty-which (0.4.2)
    zeitwerk (2.3.0)

PLATFORMS
  ruby

DEPENDENCIES
  adsf (~> 1.4)
  builder (~> 3.2)
  kramdown (~> 2.1)
  nanoc (~> 4.11)

BUNDLED WITH
   2.1.2

===== LOAD PATHS:

  0. /Users/matt/.rbenv/versions/2.7.0/lib/ruby/gems/2.7.0/gems/ref-2.0.0/lib
  1. /usr/local/Cellar/rbenv/1.1.2/rbenv.d/exec/gem-rehash
  2. /Users/matt/.rbenv/versions/2.7.0/lib/ruby/gems/2.7.0/gems/public_suffix-4.0.3/lib
  3. /Users/matt/.rbenv/versions/2.7.0/lib/ruby/gems/2.7.0/gems/addressable-2.7.0/lib
  4. /Users/matt/.rbenv/versions/2.7.0/lib/ruby/gems/2.7.0/gems/colored-1.2/lib
  5. /Users/matt/.rbenv/versions/2.7.0/lib/ruby/gems/2.7.0/gems/cri-2.15.10/lib
  6. /Users/matt/.rbenv/versions/2.7.0/lib/ruby/gems/2.7.0/gems/diff-lcs-1.3/lib
  7. /Users/matt/.rbenv/versions/2.7.0/lib/ruby/gems/2.7.0/gems/ddmetrics-1.0.1/lib
  8. /Users/matt/.rbenv/versions/2.7.0/lib/ruby/gems/2.7.0/gems/ref-2.0.0/lib
  9. /Users/matt/.rbenv/versions/2.7.0/lib/ruby/gems/2.7.0/gems/ddmemoize-1.0.0/lib
  10. /Users/matt/.rbenv/versions/2.7.0/lib/ruby/gems/2.7.0/gems/ddplugin-1.0.2/lib
  11. /Users/matt/.rbenv/versions/2.7.0/lib/ruby/gems/2.7.0/gems/concurrent-ruby-1.1.6/lib/concurrent-ruby
  12. /Users/matt/.rbenv/versions/2.7.0/lib/ruby/gems/2.7.0/gems/hamster-3.0.0/lib
  13. /Users/matt/.rbenv/versions/2.7.0/lib/ruby/gems/2.7.0/gems/json_schema-0.20.8/lib
  14. /Users/matt/.rbenv/versions/2.7.0/lib/ruby/gems/2.7.0/gems/slow_enumerator_tools-1.1.0/lib
  15. /Users/matt/.rbenv/versions/2.7.0/lib/ruby/gems/2.7.0/gems/tomlrb-1.3.0/lib
  16. /Users/matt/.rbenv/versions/2.7.0/lib/ruby/gems/2.7.0/gems/tty-platform-0.3.0/lib
  17. /Users/matt/.rbenv/versions/2.7.0/lib/ruby/gems/2.7.0/gems/zeitwerk-2.3.0/lib
  18. /Users/matt/.rbenv/versions/2.7.0/lib/ruby/gems/2.7.0/gems/nanoc-core-4.11.15/lib
  19. /Users/matt/.rbenv/versions/2.7.0/lib/ruby/gems/2.7.0/gems/nanoc-cli-4.11.15/lib
  20. /Users/matt/.rbenv/versions/2.7.0/lib/ruby/gems/2.7.0/gems/nanoc-checking-1.0.0/lib
  21. /Users/matt/.rbenv/versions/2.7.0/lib/ruby/gems/2.7.0/gems/nanoc-deploying-1.0.0/lib
  22. /Users/matt/.rbenv/versions/2.7.0/lib/ruby/gems/2.7.0/gems/parallel-1.19.1/lib
  23. /Users/matt/.rbenv/versions/2.7.0/lib/ruby/gems/2.7.0/gems/equatable-0.6.1/lib
  24. /Users/matt/.rbenv/versions/2.7.0/lib/ruby/gems/2.7.0/gems/tty-color-0.5.1/lib
  25. /Users/matt/.rbenv/versions/2.7.0/lib/ruby/gems/2.7.0/gems/pastel-0.7.3/lib
  26. /Users/matt/.rbenv/versions/2.7.0/lib/ruby/gems/2.7.0/gems/tty-command-0.9.0/lib
  27. /Users/matt/.rbenv/versions/2.7.0/lib/ruby/gems/2.7.0/gems/tty-which-0.4.2/lib
  28. /Users/matt/.rbenv/versions/2.7.0/lib/ruby/gems/2.7.0/gems/nanoc-4.11.15/lib
  29. /Users/matt/.rbenv/versions/2.7.0/lib/ruby/gems/2.7.0/gems/contracts-0.13.0/lib
  30. /Users/matt/.rbenv/versions/2.7.0/lib/ruby/gems/2.7.0/gems/kramdown-2.1.0/lib
  31. /Users/matt/.rbenv/versions/2.7.0/lib/ruby/site_ruby/2.7.0
  32. /Users/matt/.rbenv/versions/2.7.0/lib/ruby/site_ruby/2.7.0/x86_64-darwin19
  33. /Users/matt/.rbenv/versions/2.7.0/lib/ruby/site_ruby
  34. /Users/matt/.rbenv/versions/2.7.0/lib/ruby/vendor_ruby/2.7.0
  35. /Users/matt/.rbenv/versions/2.7.0/lib/ruby/vendor_ruby/2.7.0/x86_64-darwin19
  36. /Users/matt/.rbenv/versions/2.7.0/lib/ruby/vendor_ruby
  37. /Users/matt/.rbenv/versions/2.7.0/lib/ruby/2.7.0
  38. /Users/matt/.rbenv/versions/2.7.0/lib/ruby/2.7.0/x86_64-darwin19
